Running: /opt/Xilinx/14.7/ISE_DS/ISE/bin/lin64/unwrapped/fuse -intstyle ise -incremental -o /home/ise/Desktop/binary_cnt/testbench_isim_beh.exe -prj /home/ise/Desktop/binary_cnt/testbench_beh.prj work.testbench 
ISim P.20131013 (signature 0xfbc00daa)
Number of CPUs detected in this system: 1
Turning on mult-threading, number of parallel sub-compilation jobs: 0 
Determining compilation order of HDL files
Parsing VHDL file "/home/ise/Desktop/binary_cnt/binary_cnt.vhd" into library work
Parsing VHDL file "/home/ise/Desktop/binary_cnt/testbench.vhd" into library work
Starting static elaboration
Completed static elaboration
Fuse Memory Usage: 96648 KB
Fuse CPU Usage: 2180 ms
Compiling package standard
Compiling package std_logic_1164
Compiling package std_logic_arith
Compiling package std_logic_unsigned
Compiling architecture behavioral of entity binary_cnt [\binary_cnt(5)\]
Compiling architecture behavior of entity testbench
Time Resolution for simulation is 1ps.
Compiled 7 VHDL Units
Built simulation executable /home/ise/Desktop/binary_cnt/testbench_isim_beh.exe
Fuse Memory Usage: 111876 KB
Fuse CPU Usage: 2430 ms
GCC CPU Usage: 4340 ms
