Running: /opt/Xilinx/14.7/ISE_DS/ISE/bin/lin64/unwrapped/fuse -intstyle ise -incremental -o /home/ise/Desktop/stopwatch/testbench_isim_beh.exe -prj /home/ise/Desktop/stopwatch/testbench_beh.prj work.testbench 
ISim P.20131013 (signature 0xfbc00daa)
Number of CPUs detected in this system: 1
Turning on mult-threading, number of parallel sub-compilation jobs: 0 
Determining compilation order of HDL files
Parsing VHDL file "/home/ise/Desktop/stopwatch/stopwatch.vhd" into library work
Parsing VHDL file "/home/ise/Desktop/stopwatch/../Digital-electronics-1/Labs/06-display_driver/display_driver/hex_to_7seg.vhd" into library work
Parsing VHDL file "/home/ise/Desktop/stopwatch/../Digital-electronics-1/Labs/06-display_driver/display_driver/clock_enable.vhd" into library work
Parsing VHDL file "/home/ise/Desktop/stopwatch/../Digital-electronics-1/Labs/06-display_driver/display_driver/driver_7seg.vhd" into library work
Parsing VHDL file "/home/ise/Desktop/stopwatch/testbench.vhd" into library work
Starting static elaboration
Completed static elaboration
Fuse Memory Usage: 98404 KB
Fuse CPU Usage: 2330 ms
Compiling package standard
Compiling package std_logic_1164
Compiling package numeric_std
Compiling package std_logic_arith
Compiling package std_logic_unsigned
Compiling architecture behavioral of entity clock_enable [\clock_enable(('0','0','0','0','...]
Compiling architecture behavioral of entity hex_to_7seg [hex_to_7seg_default]
Compiling architecture behavioral of entity stopwatch [stopwatch_default]
Compiling architecture behavioral of entity driver_7seg [driver_7seg_default]
Compiling architecture behavior of entity testbench
Time Resolution for simulation is 1ps.
Compiled 14 VHDL Units
Built simulation executable /home/ise/Desktop/stopwatch/testbench_isim_beh.exe
Fuse Memory Usage: 117288 KB
Fuse CPU Usage: 2890 ms
GCC CPU Usage: 3880 ms
